<?xml version="1.0" encoding="UTF-8" ?>
<testsuite failures="0" time="6.43" errors="0" skipped="0" tests="34" name="com.levigo.jbig2.ChecksumTest">
  <properties>
    <property name="java.runtime.name" value="Java(TM) SE Runtime Environment"/>
    <property name="sun.boot.library.path" value="C:\Dev\tools\Java\jdk1.6.0_16\jre\bin"/>
    <property name="java.vm.version" value="14.2-b01"/>
    <property name="java.vm.vendor" value="Sun Microsystems Inc."/>
    <property name="java.vendor.url" value="http://java.sun.com/"/>
    <property name="path.separator" value=";"/>
    <property name="java.vm.name" value="Java HotSpot(TM) Client VM"/>
    <property name="file.encoding.pkg" value="sun.io"/>
    <property name="user.country" value="DE"/>
    <property name="sun.java.launcher" value="SUN_STANDARD"/>
    <property name="sun.os.patch.level" value=""/>
    <property name="java.vm.specification.name" value="Java Virtual Machine Specification"/>
    <property name="user.dir" value="C:\Dev\workspaces\docp-4.3\jadice-documentplatform-4.3.0\formats\jbig2"/>
    <property name="java.runtime.version" value="1.6.0_16-b01"/>
    <property name="java.awt.graphicsenv" value="sun.awt.Win32GraphicsEnvironment"/>
    <property name="basedir" value="C:\Dev\workspaces\docp-4.3\jadice-documentplatform-4.3.0\formats\jbig2"/>
    <property name="java.endorsed.dirs" value="C:\Dev\tools\Java\jdk1.6.0_16\jre\lib\endorsed"/>
    <property name="os.arch" value="x86"/>
    <property name="surefire.real.class.path" value="C:\Users\MattK\AppData\Local\Temp\surefirebooter8718304344208659057.jar"/>
    <property name="java.io.tmpdir" value="C:\Users\MattK\AppData\Local\Temp\"/>
    <property name="line.separator" value="
"/>
    <property name="java.vm.specification.vendor" value="Sun Microsystems Inc."/>
    <property name="user.variant" value=""/>
    <property name="os.name" value="Windows 7"/>
    <property name="sun.jnu.encoding" value="Cp1252"/>
    <property name="java.library.path" value="C:\Dev\tools\Java\jdk1.6.0_16\jre\bin;.;C:\Windows\Sun\Java\bin;C:\Windows\system32;C:\Windows;C:\Dev\tools\apache-ant-1.8.0\bin;C:\Dev\tools\Java\javafx-sdk1.2\bin;C:\Dev\tools\Java\javafx-sdk1.2\emulator\bin;C:\Windows\system32;C:\Windows;C:\Windows\System32\Wbem;C:\Windows\System32\WindowsPowerShell\v1.0\;C:\Program Files\Common Files\Lenovo;C:\Dev\tools\maven-2.2.1\bin;C:\Dev\tools\Java\jdk1.6.0_16\bin;C:\Program Files\Intel\WiFi\bin\;C:\Program Files\Common Files\Intel\WirelessCommon\;C:\Program Files\QuickTime\QTSystem\;C:\Dev\tools\svn-win32-1.6.6\bin;C:\Program Files\Lenovo\Access Connections\;C:\Dev\tools\mingw\bin;C:\Program Files\POET61\bin;C:\Dev\tools\cygwin\bin"/>
    <property name="surefire.test.class.path" value="C:\Dev\workspaces\docp-4.3\jadice-documentplatform-4.3.0\formats\jbig2\target\test-classes;C:\Dev\workspaces\docp-4.3\jadice-documentplatform-4.3.0\formats\jbig2\target\classes;C:\Dev\maven-repo\junit\junit\4.4\junit-4.4.jar;"/>
    <property name="java.specification.name" value="Java Platform API Specification"/>
    <property name="java.class.version" value="50.0"/>
    <property name="sun.management.compiler" value="HotSpot Client Compiler"/>
    <property name="os.version" value="6.1"/>
    <property name="user.home" value="C:\Users\MattK"/>
    <property name="user.timezone" value="Europe/Berlin"/>
    <property name="java.awt.printerjob" value="sun.awt.windows.WPrinterJob"/>
    <property name="java.specification.version" value="1.6"/>
    <property name="file.encoding" value="Cp1252"/>
    <property name="user.name" value="MattK"/>
    <property name="java.class.path" value="C:\Dev\workspaces\docp-4.3\jadice-documentplatform-4.3.0\formats\jbig2\target\test-classes;C:\Dev\workspaces\docp-4.3\jadice-documentplatform-4.3.0\formats\jbig2\target\classes;C:\Dev\maven-repo\junit\junit\4.4\junit-4.4.jar;"/>
    <property name="java.vm.specification.version" value="1.0"/>
    <property name="sun.arch.data.model" value="32"/>
    <property name="java.home" value="C:\Dev\tools\Java\jdk1.6.0_16\jre"/>
    <property name="java.specification.vendor" value="Sun Microsystems Inc."/>
    <property name="user.language" value="de"/>
    <property name="awt.toolkit" value="sun.awt.windows.WToolkit"/>
    <property name="java.vm.info" value="mixed mode, sharing"/>
    <property name="java.version" value="1.6.0_16"/>
    <property name="java.ext.dirs" value="C:\Dev\tools\Java\jdk1.6.0_16\jre\lib\ext;C:\Windows\Sun\Java\lib\ext"/>
    <property name="sun.boot.class.path" value="C:\Dev\tools\Java\jdk1.6.0_16\jre\lib\resources.jar;C:\Dev\tools\Java\jdk1.6.0_16\jre\lib\rt.jar;C:\Dev\tools\Java\jdk1.6.0_16\jre\lib\sunrsasign.jar;C:\Dev\tools\Java\jdk1.6.0_16\jre\lib\jsse.jar;C:\Dev\tools\Java\jdk1.6.0_16\jre\lib\jce.jar;C:\Dev\tools\Java\jdk1.6.0_16\jre\lib\charsets.jar;C:\Dev\tools\Java\jdk1.6.0_16\jre\classes"/>
    <property name="java.vendor" value="Sun Microsystems Inc."/>
    <property name="localRepository" value="C:\Dev\maven-repo"/>
    <property name="file.separator" value="\"/>
    <property name="java.vendor.url.bug" value="http://java.sun.com/cgi-bin/bugreport.cgi"/>
    <property name="sun.cpu.endian" value="little"/>
    <property name="sun.io.unicode.encoding" value="UnicodeLittle"/>
    <property name="sun.desktop" value="windows"/>
    <property name="sun.cpu.isalist" value="pentium_pro+mmx pentium_pro pentium+mmx pentium i486 i386 i86"/>
  </properties>
  <testcase time="0.9" classname="com.levigo.jbig2.ChecksumTest" name="compareChecksum[0]"/>
  <testcase time="0.177" classname="com.levigo.jbig2.ChecksumTest" name="compareChecksum[1]"/>
  <testcase time="0.19" classname="com.levigo.jbig2.ChecksumTest" name="compareChecksum[2]"/>
  <testcase time="0.192" classname="com.levigo.jbig2.ChecksumTest" name="compareChecksum[3]"/>
  <testcase time="0.214" classname="com.levigo.jbig2.ChecksumTest" name="compareChecksum[4]"/>
  <testcase time="0.267" classname="com.levigo.jbig2.ChecksumTest" name="compareChecksum[5]"/>
  <testcase time="0.437" classname="com.levigo.jbig2.ChecksumTest" name="compareChecksum[6]"/>
  <testcase time="0.138" classname="com.levigo.jbig2.ChecksumTest" name="compareChecksum[7]"/>
  <testcase time="0.216" classname="com.levigo.jbig2.ChecksumTest" name="compareChecksum[8]"/>
  <testcase time="0.205" classname="com.levigo.jbig2.ChecksumTest" name="compareChecksum[9]"/>
  <testcase time="0.388" classname="com.levigo.jbig2.ChecksumTest" name="compareChecksum[10]"/>
  <testcase time="0.127" classname="com.levigo.jbig2.ChecksumTest" name="compareChecksum[11]"/>
  <testcase time="0.119" classname="com.levigo.jbig2.ChecksumTest" name="compareChecksum[12]"/>
  <testcase time="0.116" classname="com.levigo.jbig2.ChecksumTest" name="compareChecksum[13]"/>
  <testcase time="0.146" classname="com.levigo.jbig2.ChecksumTest" name="compareChecksum[14]"/>
  <testcase time="0.114" classname="com.levigo.jbig2.ChecksumTest" name="compareChecksum[15]"/>
  <testcase time="0.114" classname="com.levigo.jbig2.ChecksumTest" name="compareChecksum[16]"/>
  <testcase time="0.137" classname="com.levigo.jbig2.ChecksumTest" name="compareChecksum[17]"/>
  <testcase time="0.218" classname="com.levigo.jbig2.ChecksumTest" name="compareChecksum[18]"/>
  <testcase time="0.223" classname="com.levigo.jbig2.ChecksumTest" name="compareChecksum[19]"/>
  <testcase time="0.355" classname="com.levigo.jbig2.ChecksumTest" name="compareChecksum[20]"/>
  <testcase time="0.181" classname="com.levigo.jbig2.ChecksumTest" name="compareChecksum[21]"/>
  <testcase time="0.359" classname="com.levigo.jbig2.ChecksumTest" name="compareChecksum[22]"/>
  <testcase time="0.115" classname="com.levigo.jbig2.ChecksumTest" name="compareChecksum[23]"/>
  <testcase time="0.067" classname="com.levigo.jbig2.ChecksumTest" name="compareChecksum[24]"/>
  <testcase time="0.139" classname="com.levigo.jbig2.ChecksumTest" name="compareChecksum[25]"/>
  <testcase time="0.071" classname="com.levigo.jbig2.ChecksumTest" name="compareChecksum[26]"/>
  <testcase time="0.178" classname="com.levigo.jbig2.ChecksumTest" name="compareChecksum[27]"/>
  <testcase time="0.077" classname="com.levigo.jbig2.ChecksumTest" name="compareChecksum[28]"/>
  <testcase time="0.14" classname="com.levigo.jbig2.ChecksumTest" name="compareChecksum[29]"/>
  <testcase time="0.046" classname="com.levigo.jbig2.ChecksumTest" name="compareChecksum[30]"/>
  <testcase time="0.006" classname="com.levigo.jbig2.ChecksumTest" name="compareChecksum[31]"/>
  <testcase time="0.006" classname="com.levigo.jbig2.ChecksumTest" name="compareChecksum[32]"/>
  <testcase time="0.01" classname="com.levigo.jbig2.ChecksumTest" name="compareChecksum[33]"/>
</testsuite>